<?xml version="1.0" encoding="UTF-8"?>
<!-- Generated by org.testng.reporters.JUnitReportReporter -->
<testsuite hostname="AMAL_AJ" failures="0" tests="1" name="kazotest.KazocomTest" time="40.478" errors="0" timestamp="2024-09-30T20:42:57 IST" skipped="0">
  <testcase classname="kazotest.KazocomTest" name="homepage" time="40.478"/>
  <system-out/>
</testsuite> <!-- kazotest.KazocomTest -->
